<?xml version="1.0" encoding="UTF-8"?>
<!-- Generated by org.testng.reporters.JUnitReportReporter -->
<testsuite hostname="Sailesh-R" failures="0" tests="1" name="eCommerce.Tests.errorValidations" time="8.742" errors="0" timestamp="2023-03-22T16:52:36 IST" skipped="0">
  <testcase classname="eCommerce.Tests.errorValidations" name="SubmitOrder" time="8.742"/>
  <system-out/>
</testsuite> <!-- eCommerce.Tests.errorValidations -->
