<?xml version="1.0" encoding="UTF-8"?>
<!-- Generated by org.testng.reporters.JUnitReportReporter -->
<testsuite hostname="Sailesh-R" failures="0" tests="2" name="eCommerce.Tests.StandAloneTest" time="24.745" errors="0" timestamp="2023-03-22T18:16:06 IST" skipped="0">
  <testcase classname="eCommerce.Tests.StandAloneTest" name="SubmitOrder" time="10.734"/>
  <system-out/>
  <testcase classname="eCommerce.Tests.StandAloneTest" name="orderHistory" time="14.011"/>
  <system-out/>
</testsuite> <!-- eCommerce.Tests.StandAloneTest -->
