<?xml version="1.0" encoding="UTF-8"?>
<!-- Generated by org.testng.reporters.JUnitReportReporter -->
<testsuite hostname="Sailesh-R" failures="0" tests="3" name="eCommerce.Tests.SubmitOrderTest" time="30.989" errors="0" timestamp="2023-03-26T20:53:42 IST" skipped="0">
  <testcase classname="eCommerce.Tests.SubmitOrderTest" name="orderHistory" time="8.738"/>
  <system-out/>
  <testcase classname="eCommerce.Tests.SubmitOrderTest" name="SubmitOrder" time="11.039"/>
  <system-out/>
  <testcase classname="eCommerce.Tests.SubmitOrderTest" name="SubmitOrder" time="11.212"/>
  <system-out/>
</testsuite> <!-- eCommerce.Tests.SubmitOrderTest -->
