<?xml version="1.0" encoding="UTF-8"?>
<!-- Generated by org.testng.reporters.JUnitReportReporter -->
<testsuite hostname="Sailesh-R" failures="0" tests="3" name="eCommerce.Tests.SubmitOrderTest" time="69.221" errors="0" timestamp="2023-03-28T14:46:43 IST" skipped="0">
  <testcase classname="eCommerce.Tests.SubmitOrderTest" name="SubmitOrder" time="16.345"/>
  <system-out/>
  <testcase classname="eCommerce.Tests.SubmitOrderTest" name="orderHistory" time="10.580"/>
  <system-out/>
  <testcase classname="eCommerce.Tests.SubmitOrderTest" name="SubmitOrder" time="42.296"/>
  <system-out/>
</testsuite> <!-- eCommerce.Tests.SubmitOrderTest -->
